[ 2017-07-18T22:49:31+08:00 ] 61.144.129.132 /thinkphp_wx/index.php/Admin/Wechat/del_text.html
INFO: [ app_init ] --START--
INFO: Run Behavior\BuildLiteBehavior [ RunTime:0.000008s ]
INFO: [ app_init ] --END-- [ RunTime:0.000181s ]
ERR: 无法加载模块:Admin

[ 2017-07-18T22:49:47+08:00 ] 61.144.128.20 /thinkphp_wx/index.php/Admin/Wechat/add_text.html
INFO: [ app_init ] --START--
INFO: Run Behavior\BuildLiteBehavior [ RunTime:0.000007s ]
INFO: [ app_init ] --END-- [ RunTime:0.000173s ]
ERR: 无法加载模块:Admin

[ 2017-07-18T22:57:13+08:00 ] 61.144.129.154 /thinkphp_wx/index.php/Admin/Wechat/del_text.html
INFO: [ app_init ] --START--
INFO: Run Behavior\BuildLiteBehavior [ RunTime:0.000008s ]
INFO: [ app_init ] --END-- [ RunTime:0.000174s ]
ERR: 无法加载模块:Admin

[ 2017-07-18T23:13:44+08:00 ] 61.144.129.132 /thinkphp_wx/index.php/Admin/Wechat/add_text.html
INFO: [ app_init ] --START--
INFO: Run Behavior\BuildLiteBehavior [ RunTime:0.000006s ]
INFO: [ app_init ] --END-- [ RunTime:0.000167s ]
ERR: 无法加载模块:Admin

[ 2017-07-18T23:14:14+08:00 ] 61.144.129.94 /thinkphp_wx/index.php/Admin/Wechat/add_text.html
INFO: [ app_init ] --START--
INFO: Run Behavior\BuildLiteBehavior [ RunTime:0.000008s ]
INFO: [ app_init ] --END-- [ RunTime:0.000194s ]
ERR: 无法加载模块:Admin

[ 2017-07-18T23:15:06+08:00 ] 61.144.128.20 /thinkphp_wx/index.php/Admin/Wechat/add_text.html
INFO: [ app_init ] --START--
INFO: Run Behavior\BuildLiteBehavior [ RunTime:0.000007s ]
INFO: [ app_init ] --END-- [ RunTime:0.000173s ]
ERR: 无法加载模块:Admin

[ 2017-07-18T23:22:16+08:00 ] 61.144.129.94 /thinkphp_wx/index.php/Admin/Wechat/add_text.html
INFO: [ app_init ] --START--
INFO: Run Behavior\BuildLiteBehavior [ RunTime:0.000007s ]
INFO: [ app_init ] --END-- [ RunTime:0.000179s ]
ERR: 无法加载模块:Admin

